d:\thomas\cours\utbm\s2\ia41\v5.0\rasenderoboter\rasenderoboter\x64\debug\iacontroller.obj
d:\thomas\cours\utbm\s2\ia41\v5.0\rasenderoboter\rasenderoboter\x64\debug\qrc_rasenderoboter.obj
d:\thomas\cours\utbm\s2\ia41\v5.0\rasenderoboter\rasenderoboter\x64\debug\tree.obj
d:\thomas\cours\utbm\s2\ia41\v5.0\rasenderoboter\rasenderoboter\x64\debug\moc_difficultywindow.obj
d:\thomas\cours\utbm\s2\ia41\v5.0\rasenderoboter\rasenderoboter\x64\debug\startwindow.obj
d:\thomas\cours\utbm\s2\ia41\v5.0\rasenderoboter\rasenderoboter\x64\debug\difficultywindow.obj
d:\thomas\cours\utbm\s2\ia41\v5.0\rasenderoboter\rasenderoboter\x64\debug\main.obj
d:\thomas\cours\utbm\s2\ia41\v5.0\rasenderoboter\rasenderoboter\x64\debug\move.obj
d:\thomas\cours\utbm\s2\ia41\v5.0\rasenderoboter\rasenderoboter\x64\debug\moc_rasenderobotercontroller.obj
d:\thomas\cours\utbm\s2\ia41\v5.0\rasenderoboter\rasenderoboter\x64\debug\initpoint.obj
d:\thomas\cours\utbm\s2\ia41\v5.0\rasenderoboter\rasenderoboter\x64\debug\rasenderobotercontroller.obj
d:\thomas\cours\utbm\s2\ia41\v5.0\rasenderoboter\rasenderoboter\x64\debug\case.obj
d:\thomas\cours\utbm\s2\ia41\v5.0\rasenderoboter\rasenderoboter\x64\debug\moc_startwindow.obj
d:\thomas\cours\utbm\s2\ia41\v5.0\rasenderoboter\rasenderoboter\x64\debug\vc141.pdb
d:\thomas\cours\utbm\s2\ia41\v5.0\rasenderoboter\x64\debug\rasenderoboter.exe
d:\thomas\cours\utbm\s2\ia41\v5.0\rasenderoboter\x64\debug\rasenderoboter.ilk
d:\thomas\cours\utbm\s2\ia41\v5.0\rasenderoboter\x64\debug\rasenderoboter.pdb
d:\thomas\cours\utbm\s2\ia41\v5.0\rasenderoboter\rasenderoboter\generatedfiles\debug\moc_rasenderobotercontroller.cpp
d:\thomas\cours\utbm\s2\ia41\v5.0\rasenderoboter\rasenderoboter\generatedfiles\debug\moc_difficultywindow.cpp
d:\thomas\cours\utbm\s2\ia41\v5.0\rasenderoboter\rasenderoboter\generatedfiles\debug\moc_startwindow.cpp
d:\thomas\cours\utbm\s2\ia41\v5.0\rasenderoboter\rasenderoboter\generatedfiles\qrc_rasenderoboter.cpp
d:\thomas\cours\utbm\s2\ia41\v5.0\rasenderoboter\rasenderoboter\generatedfiles\ui_difficultywindow.h
d:\thomas\cours\utbm\s2\ia41\v5.0\rasenderoboter\rasenderoboter\generatedfiles\ui_rasenderoboter.h
d:\thomas\cours\utbm\s2\ia41\v5.0\rasenderoboter\rasenderoboter\generatedfiles\ui_startwindow.h
d:\thomas\cours\utbm\s2\ia41\v5.0\rasenderoboter\rasenderoboter\x64\debug\rasenderoboter.res
d:\documents\visual studio 2017\projects\v5.1\rasenderoboter\rasenderoboter\x64\debug\case.obj
d:\documents\visual studio 2017\projects\v5.1\rasenderoboter\rasenderoboter\x64\debug\difficultywindow.obj
d:\documents\visual studio 2017\projects\v5.1\rasenderoboter\rasenderoboter\x64\debug\iacontroller.obj
d:\documents\visual studio 2017\projects\v5.1\rasenderoboter\rasenderoboter\x64\debug\initpoint.obj
d:\documents\visual studio 2017\projects\v5.1\rasenderoboter\rasenderoboter\x64\debug\main.obj
d:\documents\visual studio 2017\projects\v5.1\rasenderoboter\rasenderoboter\x64\debug\moc_difficultywindow.obj
d:\documents\visual studio 2017\projects\v5.1\rasenderoboter\rasenderoboter\x64\debug\moc_rasenderobotercontroller.obj
d:\documents\visual studio 2017\projects\v5.1\rasenderoboter\rasenderoboter\x64\debug\moc_startwindow.obj
d:\documents\visual studio 2017\projects\v5.1\rasenderoboter\rasenderoboter\x64\debug\move.obj
d:\documents\visual studio 2017\projects\v5.1\rasenderoboter\rasenderoboter\x64\debug\qrc_rasenderoboter.obj
d:\documents\visual studio 2017\projects\v5.1\rasenderoboter\rasenderoboter\x64\debug\rasenderobotercontroller.obj
d:\documents\visual studio 2017\projects\v5.1\rasenderoboter\rasenderoboter\x64\debug\startwindow.obj
d:\documents\visual studio 2017\projects\v5.1\rasenderoboter\rasenderoboter\x64\debug\tree.obj
d:\documents\visual studio 2017\projects\v5.1\rasenderoboter\rasenderoboter\x64\debug\rasenderoboter.res
d:\documents\visual studio 2017\projects\v5.1\rasenderoboter\rasenderoboter\x64\debug\vc141.pdb
d:\documents\visual studio 2017\projects\v5.1\rasenderoboter\x64\debug\rasenderoboter.pdb
d:\documents\visual studio 2017\projects\v5.1\rasenderoboter\x64\debug\rasenderoboter.exe
d:\documents\visual studio 2017\projects\v5.1\rasenderoboter\x64\debug\rasenderoboter.ilk
d:\documents\visual studio 2017\projects\v5.1\rasenderoboter\rasenderoboter\x64\debug\rasenderoboter.tlog\cl.command.1.tlog
d:\documents\visual studio 2017\projects\v5.1\rasenderoboter\rasenderoboter\x64\debug\rasenderoboter.tlog\cl.read.1.tlog
d:\documents\visual studio 2017\projects\v5.1\rasenderoboter\rasenderoboter\x64\debug\rasenderoboter.tlog\cl.write.1.tlog
d:\documents\visual studio 2017\projects\v5.1\rasenderoboter\rasenderoboter\x64\debug\rasenderoboter.tlog\link.command.1.tlog
d:\documents\visual studio 2017\projects\v5.1\rasenderoboter\rasenderoboter\x64\debug\rasenderoboter.tlog\link.read.1.tlog
d:\documents\visual studio 2017\projects\v5.1\rasenderoboter\rasenderoboter\x64\debug\rasenderoboter.tlog\link.write.1.tlog
d:\documents\visual studio 2017\projects\v5.1\rasenderoboter\rasenderoboter\x64\debug\rasenderoboter.tlog\rasenderoboter.write.1u.tlog
d:\documents\visual studio 2017\projects\v5.1\rasenderoboter\rasenderoboter\x64\debug\rasenderoboter.tlog\rc.command.1.tlog
d:\documents\visual studio 2017\projects\v5.1\rasenderoboter\rasenderoboter\x64\debug\rasenderoboter.tlog\rc.read.1.tlog
d:\documents\visual studio 2017\projects\v5.1\rasenderoboter\rasenderoboter\x64\debug\rasenderoboter.tlog\rc.write.1.tlog
